Arguments: 
  /Users/theobohnen/.nvm/versions/node/v8.9.1/bin/node /Users/theobohnen/.nvm/versions/node/v8.9.1/bin/yarn add mocha

PATH: 
  /Users/theobohnen/.nvm/versions/node/v8.9.1/bin:/usr/local/share/npm/lib/node_modules/grunt-cli/bin:/usr/local/share/npm/lib/node_modules/grunt-cli/bin:/usr/local/bin:/usr/bin:/bin:/usr/sbin:/sbin:/opt/X11/bin:/usr/local/go/bin:/usr/local/share/npm/lib/node_modules/grunt-cli/bin:/Users/theobohnen/Library/Android/sdk/tools:/Users/theobohnen/Library/Android/sdk/platform-tools:/Users/theobohnen/.local/bin:/Users/theobohnen/.rvm/bin:/Users/theobohnen/Library/Android/sdk/tools:/Users/theobohnen/Library/Android/sdk/platform-tools:/Users/theobohnen/.local/bin:/Users/theobohnen/Library/Android/sdk/tools:/Users/theobohnen/Library/Android/sdk/platform-tools:/Users/theobohnen/Library/Android/sdk/tools:/Users/theobohnen/Library/Android/sdk/platform-tools:/Users/theobohnen/.local/bin:/Users/theobohnen/.rvm/bin

Yarn version: 
  1.3.2

Node version: 
  8.9.1

Platform: 
  darwin x64

npm manifest: 
  {
    "name": "ticktacktoe",
    "version": "1.0.0",
    "description": "",
    "main": "index.js",
    "dependencies": {},
    "devDependencies": {
      "chai": "^4.1.2"
    },
    "scripts": {
      "test": "echo \"Error: no test specified\" && exit 1"
    },
    "author": "",
    "license": "ISC"
  }

yarn manifest: 
  No manifest

Lockfile: 
  No lockfile

Trace: 
  Error: getaddrinfo ENOTFOUND registry.yarnpkg.com registry.yarnpkg.com:443
      at errnoException (dns.js:50:10)
      at GetAddrInfoReqWrap.onlookup [as oncomplete] (dns.js:92:26)
